<?xml version="1.0" encoding="UTF-8"?>
<!-- Generated by org.testng.reporters.JUnitXMLReporter -->
<testsuite ignored="0" hostname="DESKTOP-1QBSVOI" failures="0" tests="4" name="chrometest_xml" time="12.532" errors="0" timestamp="2022-02-08T13:58:28 PST">
  <testcase classname="parameterization.CrossBrowserTest" name="launchBrowser" time="5.237"/>
  <testcase classname="parameterization.CrossBrowserTest" name="verifyTitle" time="0.027"/>
  <testcase classname="parameterization.CrossBrowserTest" name="registration" time="0.009"/>
  <testcase classname="parameterization.CrossBrowserTest" name="closeBrowser" time="7.103"/>
</testsuite> <!-- chrometest_xml -->
