<?xml version="1.0" encoding="UTF-8"?>
<!-- Generated by org.testng.reporters.JUnitXMLReporter -->
<testsuite ignored="0" hostname="DESKTOP-1QBSVOI" failures="0" tests="4" name="crossbrowsertest_xml" time="5.585" errors="0" timestamp="2022-02-08T13:50:51 PST">
  <testcase classname="parameterization.CrossBrowserTest" name="launchBrowser" time="4.883"/>
  <testcase classname="parameterization.CrossBrowserTest" name="verifyTitle" time="0.007"/>
  <testcase classname="parameterization.CrossBrowserTest" name="registration" time="0.013"/>
  <testcase classname="parameterization.CrossBrowserTest" name="closeBrowser" time="0.588"/>
</testsuite> <!-- crossbrowsertest_xml -->
