<?xml version="1.0" encoding="UTF-8"?>
<!-- Generated by org.testng.reporters.JUnitXMLReporter -->
<testsuite ignored="0" hostname="DESKTOP-1QBSVOI" failures="0" tests="4" name="crossbrowsertest" time="3.915" errors="0" timestamp="2022-02-08T13:43:14 PST">
  <testcase classname="parameterization.CrossBrowserTest" name="launchBrowser" time="3.655"/>
  <testcase classname="parameterization.CrossBrowserTest" name="verifyTitle" time="0.008"/>
  <testcase classname="parameterization.CrossBrowserTest" name="registration" time="0.004"/>
  <testcase classname="parameterization.CrossBrowserTest" name="closeBrowser" time="0.179"/>
</testsuite> <!-- crossbrowsertest -->
