<?xml version="1.0" encoding="UTF-8"?>
<!-- Generated by org.testng.reporters.JUnitXMLReporter -->
<testsuite ignored="0" hostname="DESKTOP-1QBSVOI" failures="0" tests="4" name="edgetest_xml" time="13.723" errors="0" timestamp="2022-02-08T13:58:29 PST">
  <testcase classname="parameterization.CrossBrowserTest" name="launchBrowser" time="7.801"/>
  <testcase classname="parameterization.CrossBrowserTest" name="verifyTitle" time="0.004"/>
  <testcase classname="parameterization.CrossBrowserTest" name="registration" time="0.052"/>
  <testcase classname="parameterization.CrossBrowserTest" name="closeBrowser" time="5.714"/>
</testsuite> <!-- edgetest_xml -->
