<?xml version="1.0" encoding="UTF-8"?>
<!-- Generated by org.testng.reporters.JUnitXMLReporter -->
<testsuite ignored="0" hostname="DESKTOP-1QBSVOI" failures="0" tests="4" name="firefoxtest_xml" time="19.418" errors="0" timestamp="2022-02-08T13:58:35 PST">
  <testcase classname="parameterization.CrossBrowserTest" name="launchBrowser" time="13.187"/>
  <testcase classname="parameterization.CrossBrowserTest" name="verifyTitle" time="0.001"/>
  <testcase classname="parameterization.CrossBrowserTest" name="registration" time="0.001"/>
  <testcase classname="parameterization.CrossBrowserTest" name="closeBrowser" time="6.159"/>
</testsuite> <!-- firefoxtest_xml -->
