<?xml version="1.0" encoding="UTF-8"?>
<!-- Generated by org.testng.reporters.JUnitXMLReporter -->
<testsuite ignored="0" hostname="DESKTOP-1QBSVOI" failures="1" tests="3" name="logintest" time="0.077" errors="0" timestamp="2022-02-08T19:32:06 PST">
  <testcase classname="testNGListeners.LoginTest" name="setup" time="0.013">
    <failure type="java.lang.AssertionError" message="expected [true] but found [false]">
      <![CDATA[java.lang.AssertionError: expected [true] but found [false]
at testNGListeners.LoginTest.setup(LoginTest.java:11)
at java.base/java.util.ArrayList.forEach(ArrayList.java:1511)
... Removed 31 stack frames]]>
    </failure>
  </testcase> <!-- setup -->
  <testcase classname="testNGListeners.LoginTest" name="loginByEmail" time="0.001"/>
  <testcase classname="testNGListeners.LoginTest" name="loginByFacebook" time="0.0">
    <skipped/>
  </testcase> <!-- loginByFacebook -->
</testsuite> <!-- logintest -->
