<?xml version="1.0" encoding="UTF-8"?>
<!-- Generated by org.testng.reporters.JUnitXMLReporter -->
<testsuite ignored="0" hostname="DESKTOP-1QBSVOI" failures="0" tests="5" name="Test" time="0.077" errors="0" timestamp="2022-02-07T16:26:38 PST">
  <testcase classname="pack1.TC1" name="m1" time="0.006"/>
  <testcase classname="pack1.TC1" name="m2" time="0.002"/>
  <testcase classname="pack1.TC2" name="m3" time="0.001"/>
  <testcase classname="pack1.TC2" name="m4" time="0.002"/>
  <testcase classname="pack1.TC2" name="m5" time="0.002"/>
</testsuite> <!-- Test -->
