<?xml version="1.0" encoding="UTF-8"?>
<testng-results ignored="0" total="1" passed="1" failed="0" skipped="0">
  <reporter-output>
  </reporter-output>
  <suite started-at="2022-02-11T15:43:08 PST" name="Default suite" finished-at="2022-02-11T15:43:15 PST" duration-ms="6656">
    <groups>
    </groups>
    <test started-at="2022-02-11T15:43:08 PST" name="Default test" finished-at="2022-02-11T15:43:15 PST" duration-ms="6656">
      <class name="pageObjectModel.LoginTest">
        <test-method is-config="true" signature="setup()[pri:0, instance:pageObjectModel.LoginTest@7fa98a66]" started-at="2022-02-11T15:43:08 PST" name="setup" finished-at="2022-02-11T15:43:13 PST" duration-ms="4357" status="PASS">
          <reporter-output>
          </reporter-output>
        </test-method> <!-- setup -->
        <test-method signature="login()[pri:0, instance:pageObjectModel.LoginTest@7fa98a66]" started-at="2022-02-11T15:43:13 PST" name="login" finished-at="2022-02-11T15:43:15 PST" duration-ms="2232" status="PASS">
          <reporter-output>
          </reporter-output>
        </test-method> <!-- login -->
      </class> <!-- pageObjectModel.LoginTest -->
    </test> <!-- Default test -->
  </suite> <!-- Default suite -->
</testng-results>
